[debug] [2022-10-16T13:16:58.659Z] ----------------------------------------------------------------------
[debug] [2022-10-16T13:16:58.661Z] Command:       C:\Program Files\nodejs\node.exe C:\Users\ASUS\AppData\Roaming\npm\node_modules\firebase-tools\lib\bin\firebase.js init
[debug] [2022-10-16T13:16:58.662Z] CLI Version:   11.14.2
[debug] [2022-10-16T13:16:58.662Z] Platform:      win32
[debug] [2022-10-16T13:16:58.662Z] Node Version:  v16.16.0
[debug] [2022-10-16T13:16:58.668Z] Time:          Sun Oct 16 2022 18:46:58 GMT+0530 (India Standard Time)
[debug] [2022-10-16T13:16:58.668Z] ----------------------------------------------------------------------
[debug] 
[debug] [2022-10-16T13:16:58.673Z] >>> [apiv2][query] GET https://firebase-public.firebaseio.com/cli.json [none]
[debug] [2022-10-16T13:16:58.809Z] > command requires scopes: ["email","openid","https://www.googleapis.com/auth/cloudplatformprojects.readonly","https://www.googleapis.com/auth/firebase","https://www.googleapis.com/auth/cloud-platform"]
[debug] [2022-10-16T13:16:58.810Z] > authorizing via signed-in user (souravsahani66@gmail.com)
[info] 
     ######## #### ########  ######## ########     ###     ######  ########
     ##        ##  ##     ## ##       ##     ##  ##   ##  ##       ##
     ######    ##  ########  ######   ########  #########  ######  ######
     ##        ##  ##    ##  ##       ##     ## ##     ##       ## ##
     ##       #### ##     ## ######## ########  ##     ##  ######  ########

You're about to initialize a Firebase project in this directory:

  D:\React\netflix-clone

Before we get started, keep in mind:

  * You are initializing within an existing Firebase project directory

[debug] [2022-10-16T13:16:59.936Z] <<< [apiv2][status] GET https://firebase-public.firebaseio.com/cli.json 200
[debug] [2022-10-16T13:16:59.937Z] <<< [apiv2][body] GET https://firebase-public.firebaseio.com/cli.json {"cloudBuildErrorAfter":1594252800000,"cloudBuildWarnAfter":1590019200000,"defaultNode10After":1594252800000,"minVersion":"3.0.5","node8DeploysDisabledAfter":1613390400000,"node8RuntimeDisabledAfter":1615809600000,"node8WarnAfter":1600128000000}
